<?xml version="1.0" encoding="UTF-8"?>
<!-- Generated by org.testng.reporters.JUnitReportReporter -->
<testsuite hostname="Chinmays-MacBook-Pro.local" failures="0" tests="1" name="dayone.day1" time="9.243" errors="0" timestamp="22 Jul 2018 05:43:42 GMT" skipped="0">
  <testcase classname="dayone.day1" name="Screenshot" time="9.243"/>
</testsuite> <!-- dayone.day1 -->
