<?xml version="1.0" encoding="UTF-8"?>
<!-- Generated by org.testng.reporters.JUnitReportReporter -->
<testsuite hostname="Chinmays-MacBook-Pro.local" failures="0" tests="1" name="seleniumtutorials.DowloadFileInchromeAndFirefoxeinSelenium59" time="25.563" errors="0" timestamp="03 Jul 2018 10:24:07 GMT" skipped="0">
  <testcase classname="seleniumtutorials.DowloadFileInchromeAndFirefoxeinSelenium59" name="downLoadFileTest" time="25.563"/>
</testsuite> <!-- seleniumtutorials.DowloadFileInchromeAndFirefoxeinSelenium59 -->
