<?xml version="1.0" encoding="UTF-8"?>
<!-- Generated by org.testng.reporters.JUnitReportReporter -->
<testsuite hostname="Chinmays-MacBook-Pro.local" failures="0" tests="1" name="Locators" time="14.082" errors="0" timestamp="07 Jul 2018 04:19:56 GMT" skipped="0">
  <testcase classname="Locators" name="method" time="14.082"/>
</testsuite> <!-- Locators -->
