<?xml version="1.0" encoding="UTF-8"?>
<!-- Generated by org.testng.reporters.JUnitReportReporter -->
<testsuite hostname="Chinmays-MacBook-Pro.local" failures="0" tests="2" name="seleniumtutorials.TestClassfor50" time="62.595" errors="0" timestamp="04 Jul 2018 12:54:00 GMT" skipped="0">
  <testcase classname="seleniumtutorials.TestClassfor50" name="LoginWithCutomer" time="28.178"/>
  <testcase classname="seleniumtutorials.TestClassfor50" name="LoginWithadmin" time="34.417"/>
</testsuite> <!-- seleniumtutorials.TestClassfor50 -->
